{
  "stats": {
    "suites": 1,
    "tests": 2,
    "passes": 2,
    "pending": 0,
    "failures": 0,
    "start": "2021-12-04T11:59:19.808Z",
    "end": "2021-12-04T11:59:33.250Z",
    "duration": 13442,
    "testsRegistered": 2,
    "passPercent": 100,
    "pendingPercent": 0,
    "other": 0,
    "hasOther": false,
    "skipped": 0,
    "hasSkipped": false
  },
  "results": [
    {
      "uuid": "5f299209-cab4-49b1-921a-d0a513192982",
      "title": "",
      "fullFile": "cypress/integration/CypressTesting/BDD/ecommerce.feature",
      "file": "cypress/integration/CypressTesting/BDD/ecommerce.feature",
      "beforeHooks": [],
      "afterHooks": [],
      "tests": [],
      "suites": [
        {
          "uuid": "15175468-a0fd-4e8b-84e4-ad959519ac14",
          "title": "End to End E-Commerce app validation",
          "fullFile": "",
          "file": "",
          "beforeHooks": [],
          "afterHooks": [],
          "tests": [
            {
              "title": "Ecommerce product delivery",
              "fullTitle": "End to End E-Commerce app validation Ecommerce product delivery",
              "timedOut": null,
              "duration": 8180,
              "state": "passed",
              "speed": "medium",
              "pass": true,
              "fail": false,
              "pending": false,
              "context": null,
              "code": "const state = window.testState;\nreturn cy\n  .then(() => state.onStartScenario(scenario, indexedSteps))\n  .then(() =>\n    resolveAndRunBeforeHooks.call(this, scenario.tags, state.feature.name)\n  )\n  .then(() =>\n    indexedSteps.forEach((step) =>\n      stepTest.call(this, state, step, rowData)\n    )\n  )\n  .then(() => state.onFinishScenario(scenario));",
              "err": {},
              "uuid": "469cc3a1-c1bb-4eac-bbbb-125e9a974e76",
              "parentUUID": "15175468-a0fd-4e8b-84e4-ad959519ac14",
              "isHook": false,
              "skipped": false
            },
            {
              "title": "Filling the form data to shop",
              "fullTitle": "End to End E-Commerce app validation Filling the form data to shop",
              "timedOut": null,
              "duration": 3240,
              "state": "passed",
              "speed": "fast",
              "pass": true,
              "fail": false,
              "pending": false,
              "context": null,
              "code": "const state = window.testState;\nreturn cy\n  .then(() => state.onStartScenario(scenario, indexedSteps))\n  .then(() =>\n    resolveAndRunBeforeHooks.call(this, scenario.tags, state.feature.name)\n  )\n  .then(() =>\n    indexedSteps.forEach((step) =>\n      stepTest.call(this, state, step, rowData)\n    )\n  )\n  .then(() => state.onFinishScenario(scenario));",
              "err": {},
              "uuid": "e3f80890-c9b6-43c9-adc1-45a60649259e",
              "parentUUID": "15175468-a0fd-4e8b-84e4-ad959519ac14",
              "isHook": false,
              "skipped": false
            }
          ],
          "suites": [],
          "passes": [
            "469cc3a1-c1bb-4eac-bbbb-125e9a974e76",
            "e3f80890-c9b6-43c9-adc1-45a60649259e"
          ],
          "failures": [],
          "pending": [],
          "skipped": [],
          "duration": 11420,
          "root": false,
          "rootEmpty": false,
          "_timeout": 2000
        }
      ],
      "passes": [],
      "failures": [],
      "pending": [],
      "skipped": [],
      "duration": 0,
      "root": true,
      "rootEmpty": true,
      "_timeout": 2000
    }
  ],
  "meta": {
    "mocha": {
      "version": "7.0.1"
    },
    "mochawesome": {
      "options": {
        "quiet": false,
        "reportFilename": "mochawesome",
        "saveHtml": true,
        "saveJson": true,
        "consoleReporter": "spec",
        "useInlineDiffs": false,
        "code": true
      },
      "version": "7.0.1"
    },
    "marge": {
      "options": null,
      "version": "6.0.1"
    }
  }
}