{
  "stats": {
    "suites": 1,
    "tests": 1,
    "passes": 1,
    "pending": 0,
    "failures": 0,
    "start": "2021-12-04T07:37:51.137Z",
    "end": "2021-12-04T07:37:56.833Z",
    "duration": 5696,
    "testsRegistered": 1,
    "passPercent": 100,
    "pendingPercent": 0,
    "other": 0,
    "hasOther": false,
    "skipped": 0,
    "hasSkipped": false
  },
  "results": [
    {
      "uuid": "b0e0569c-eb1d-4028-82f3-4c70ace5515a",
      "title": "",
      "fullFile": "cypress/integration/Greenkart/my_second_test.js",
      "file": "cypress/integration/Greenkart/my_second_test.js",
      "beforeHooks": [],
      "afterHooks": [],
      "tests": [],
      "suites": [
        {
          "uuid": "ac5e11a5-026e-4702-8bd5-10ae4ffecb25",
          "title": "My Second Test Suite",
          "fullFile": "",
          "file": "",
          "beforeHooks": [],
          "afterHooks": [],
          "tests": [
            {
              "title": "This is Second cypress test",
              "fullTitle": "My Second Test Suite This is Second cypress test",
              "timedOut": null,
              "duration": 4105,
              "state": "passed",
              "speed": "fast",
              "pass": true,
              "fail": false,
              "pending": false,
              "context": null,
              "code": "//cy.visit(\"https://rahulshettyacademy.com/seleniumPractise\")\ncy.visit(Cypress.env(\"url\") + \"/seleniumPractise\");\ncy.get('.search-keyword').type(\"ca\");\ncy.wait(2000); //Aliasing\ncy.get('.products').as('productLocator');\ncy.get('@productLocator').find('.product').each(($el, index, $list) => {\n  const txtVeg = $el.find('h4.product-name').text();\n  if (txtVeg.includes('Cashews')) {\n    $el.find('button').click();\n  }\n});\ncy.get('.cart-icon > img').click();\ncy.contains('PROCEED TO CHECKOUT').click();\ncy.contains('Place Order').click();",
              "err": {},
              "uuid": "3f0b795e-c3fd-4f0c-a02a-a05ead659b38",
              "parentUUID": "ac5e11a5-026e-4702-8bd5-10ae4ffecb25",
              "isHook": false,
              "skipped": false
            }
          ],
          "suites": [],
          "passes": [
            "3f0b795e-c3fd-4f0c-a02a-a05ead659b38"
          ],
          "failures": [],
          "pending": [],
          "skipped": [],
          "duration": 4105,
          "root": false,
          "rootEmpty": false,
          "_timeout": 2000
        }
      ],
      "passes": [],
      "failures": [],
      "pending": [],
      "skipped": [],
      "duration": 0,
      "root": true,
      "rootEmpty": true,
      "_timeout": 2000
    }
  ],
  "meta": {
    "mocha": {
      "version": "7.0.1"
    },
    "mochawesome": {
      "options": {
        "quiet": false,
        "reportFilename": "mochawesome",
        "saveHtml": true,
        "saveJson": true,
        "consoleReporter": "spec",
        "useInlineDiffs": false,
        "code": true
      },
      "version": "7.0.1"
    },
    "marge": {
      "options": null,
      "version": "6.0.1"
    }
  }
}